  console.cpp
  main.cpp
c:\users\crist\source\repos\lab 7 oop\lab 7 oop\list.h(75): error C2512: 'MyNode<Movie>': no appropriate default constructor available
  c:\users\crist\source\repos\lab 7 oop\lab 7 oop\repository.h(13): note: see declaration of 'MyNode<Movie>'
  c:\users\crist\source\repos\lab 7 oop\lab 7 oop\list.h(75): note: while compiling class template member function 'MyList<MyNode<Movie>>::MyList(void)'
  c:\users\crist\source\repos\lab 7 oop\lab 7 oop\main.cpp(17): note: see reference to function template instantiation 'MyList<MyNode<Movie>>::MyList(void)' being compiled
  c:\users\crist\source\repos\lab 7 oop\lab 7 oop\repository.h(13): note: see reference to class template instantiation 'MyList<MyNode<Movie>>' being compiled
c:\users\crist\source\repos\lab 7 oop\lab 7 oop\list.h(77): error C2679: binary '=': no operator found which takes a right-hand operand of type 'int' (or there is no acceptable conversion)
  c:\users\crist\source\repos\lab 7 oop\lab 7 oop\list.h(21): note: could be 'MyNode<Movie> &MyNode<Movie>::operator =(const MyNode<Movie> &)'
  c:\users\crist\source\repos\lab 7 oop\lab 7 oop\list.h(77): note: while trying to match the argument list '(T, int)'
          with
          [
              T=MyNode<Movie>
          ]
  movies.cpp
  repository.cpp
c:\users\crist\source\repos\lab 7 oop\lab 7 oop\repository.cpp(40): warning C4018: '<': signed/unsigned mismatch
c:\users\crist\source\repos\lab 7 oop\lab 7 oop\repository.cpp(51): warning C4018: '<': signed/unsigned mismatch
c:\users\crist\source\repos\lab 7 oop\lab 7 oop\list.h(117): error C2679: binary '=': no operator found which takes a right-hand operand of type 'T *' (or there is no acceptable conversion)
          with
          [
              T=MyNode<Movie>
          ]
  c:\users\crist\source\repos\lab 7 oop\lab 7 oop\list.h(21): note: could be 'MyNode<Movie> &MyNode<Movie>::operator =(const MyNode<Movie> &)'
  c:\users\crist\source\repos\lab 7 oop\lab 7 oop\list.h(117): note: while trying to match the argument list '(T, T *)'
          with
          [
              T=MyNode<Movie>
          ]
  c:\users\crist\source\repos\lab 7 oop\lab 7 oop\list.h(111): note: while compiling class template member function 'void MyList<MyNode<Movie>>::addNodeAsTail(T *)'
          with
          [
              T=MyNode<Movie>
          ]
  c:\users\crist\source\repos\lab 7 oop\lab 7 oop\repository.cpp(20): note: see reference to function template instantiation 'void MyList<MyNode<Movie>>::addNodeAsTail(T *)' being compiled
          with
          [
              T=MyNode<Movie>
          ]
  c:\users\crist\source\repos\lab 7 oop\lab 7 oop\repository.h(13): note: see reference to class template instantiation 'MyList<MyNode<Movie>>' being compiled
c:\users\crist\source\repos\lab 7 oop\lab 7 oop\list.h(121): error C2819: type 'MyNode<Movie>' does not have an overloaded member 'operator ->'
  c:\users\crist\source\repos\lab 7 oop\lab 7 oop\repository.h(13): note: see declaration of 'MyNode<Movie>'
  c:\users\crist\source\repos\lab 7 oop\lab 7 oop\list.h(121): note: did you intend to use '.' instead?
c:\users\crist\source\repos\lab 7 oop\lab 7 oop\list.h(121): error C2232: '->MyNode<Movie>::next': left operand has 'class' type, use '.'
c:\users\crist\source\repos\lab 7 oop\lab 7 oop\list.h(122): error C2440: '=': cannot convert from 'T' to 'MyNode<Movie> *'
          with
          [
              T=MyNode<Movie>
          ]
  c:\users\crist\source\repos\lab 7 oop\lab 7 oop\list.h(122): note: No user-defined-conversion operator available that can perform this conversion, or the operator cannot be called
c:\users\crist\source\repos\lab 7 oop\lab 7 oop\list.h(123): error C2679: binary '=': no operator found which takes a right-hand operand of type 'T *' (or there is no acceptable conversion)
          with
          [
              T=MyNode<Movie>
          ]
  c:\users\crist\source\repos\lab 7 oop\lab 7 oop\list.h(21): note: could be 'MyNode<Movie> &MyNode<Movie>::operator =(const MyNode<Movie> &)'
  c:\users\crist\source\repos\lab 7 oop\lab 7 oop\list.h(123): note: while trying to match the argument list '(T, T *)'
          with
          [
              T=MyNode<Movie>
          ]
c:\users\crist\source\repos\lab 7 oop\lab 7 oop\list.h(192): error C2819: type 'MyNode<Movie>' does not have an overloaded member 'operator ->'
  c:\users\crist\source\repos\lab 7 oop\lab 7 oop\repository.h(13): note: see declaration of 'MyNode<Movie>'
  c:\users\crist\source\repos\lab 7 oop\lab 7 oop\list.h(192): note: did you intend to use '.' instead?
  c:\users\crist\source\repos\lab 7 oop\lab 7 oop\list.h(185): note: while compiling class template member function 'void MyList<MyNode<Movie>>::del(int)'
  c:\users\crist\source\repos\lab 7 oop\lab 7 oop\repository.cpp(33): note: see reference to function template instantiation 'void MyList<MyNode<Movie>>::del(int)' being compiled
c:\users\crist\source\repos\lab 7 oop\lab 7 oop\list.h(192): error C2232: '->MyNode<Movie>::previous': left operand has 'class' type, use '.'
c:\users\crist\source\repos\lab 7 oop\lab 7 oop\list.h(193): error C2819: type 'MyNode<Movie>' does not have an overloaded member 'operator ->'
  c:\users\crist\source\repos\lab 7 oop\lab 7 oop\repository.h(13): note: see declaration of 'MyNode<Movie>'
  c:\users\crist\source\repos\lab 7 oop\lab 7 oop\list.h(193): note: did you intend to use '.' instead?
c:\users\crist\source\repos\lab 7 oop\lab 7 oop\list.h(193): error C2232: '->MyNode<Movie>::next': left operand has 'class' type, use '.'
c:\users\crist\source\repos\lab 7 oop\lab 7 oop\list.h(218): error C2440: 'return': cannot convert from 'const T' to 'T *'
          with
          [
              T=MyNode<Movie>
          ]
  c:\users\crist\source\repos\lab 7 oop\lab 7 oop\list.h(218): note: No user-defined-conversion operator available that can perform this conversion, or the operator cannot be called
  c:\users\crist\source\repos\lab 7 oop\lab 7 oop\list.h(213): note: while compiling class template member function 'T *MyList<T>::get(int) const'
          with
          [
              T=MyNode<Movie>
          ]
  c:\users\crist\source\repos\lab 7 oop\lab 7 oop\repository.cpp(9): note: see reference to function template instantiation 'T *MyList<T>::get(int) const' being compiled
          with
          [
              T=MyNode<Movie>
          ]
  service.cpp
c:\users\crist\source\repos\lab 7 oop\lab 7 oop\list.h(75): error C2512: 'MyNode<Movie>': no appropriate default constructor available
  c:\users\crist\source\repos\lab 7 oop\lab 7 oop\repository.h(13): note: see declaration of 'MyNode<Movie>'
  c:\users\crist\source\repos\lab 7 oop\lab 7 oop\list.h(75): note: while compiling class template member function 'MyList<MyNode<Movie>>::MyList(void)'
  c:\users\crist\source\repos\lab 7 oop\lab 7 oop\service.cpp(37): note: see reference to function template instantiation 'MyList<MyNode<Movie>>::MyList(void)' being compiled
  c:\users\crist\source\repos\lab 7 oop\lab 7 oop\repository.h(13): note: see reference to class template instantiation 'MyList<MyNode<Movie>>' being compiled
c:\users\crist\source\repos\lab 7 oop\lab 7 oop\list.h(77): error C2679: binary '=': no operator found which takes a right-hand operand of type 'int' (or there is no acceptable conversion)
  c:\users\crist\source\repos\lab 7 oop\lab 7 oop\list.h(21): note: could be 'MyNode<Movie> &MyNode<Movie>::operator =(const MyNode<Movie> &)'
  c:\users\crist\source\repos\lab 7 oop\lab 7 oop\list.h(77): note: while trying to match the argument list '(T, int)'
          with
          [
              T=MyNode<Movie>
          ]
  validator.cpp
  Generating Code...
